0000000000000000 T __code_start
0000000000000000 A __start__
0000000000000000 T _start
0000000000000000 b _TLS_MODULE_BASE_
0000000000000000 0000000000000004 b g_fsPriority
0000000000000004 0000000000000004 b fsdev_last_result
0000000000000008 0000000000000004 B g_bsdErrno
000000000000000c 0000000000000004 B g_bsdResult
0000000000000010 0000000000000401 B __nx_dev_path_buf
0000000000000108 T __nx_exit
0000000000000118 T __nx_mod0
0000000000000140 0000000000000038 T exit
0000000000000180 0000000000000044 T main
00000000000001d0 t __do_global_dtors_aux
0000000000000220 t frame_dummy
0000000000000250 000000000000001c T dl_init
0000000000000270 0000000000000084 T dl_start
0000000000000300 0000000000000018 T dl_exit
0000000000000320 0000000000000068 T log_error
0000000000000390 000000000000002c T __libnx_initheap
00000000000003c0 00000000000000a4 T __appInit
0000000000000411 0000000000000001 b g_resolverDisableServiceDiscovery
0000000000000414 0000000000000004 b g_resolverCancelHandle
0000000000000418 0000000000000004 b g_resolverResult
0000000000000470 0000000000000018 T __appExit
0000000000000490 00000000000000d4 t _setsysGetFirmwareVersionImpl
0000000000000570 0000000000000068 t _setsysCleanup
00000000000005e0 00000000000000a0 T setsysInitialize
0000000000000680 0000000000000044 T setsysExit
00000000000006d0 0000000000000044 T setsysGetFirmwareVersion
0000000000000720 00000000000000b4 t _fsCleanup
00000000000007e0 00000000000001b0 t _fsCmdNoIO
0000000000000990 00000000000001d0 t _fsFsCmdWithInPath
0000000000000b60 00000000000001f8 t _fsFsCmdWithTwoInPaths
0000000000000d60 000000000000023c t _fsFsOpenCommon
0000000000000fa0 00000000000001ec t _fsFsCmdWithInPathAndOutU64
0000000000001190 00000000000000f4 t _fsObjectClose
0000000000001290 000000000000017c t _fsCmdGetSession.constprop.0
0000000000001410 0000000000000304 T fsInitialize
0000000000001720 0000000000000044 T fsExit
0000000000001770 0000000000000008 T fsOpenSdCardFileSystem
0000000000001780 00000000000001e0 T fsFsCreateFile
0000000000001960 0000000000000008 T fsFsDeleteFile
0000000000001970 0000000000000008 T fsFsCreateDirectory
0000000000001980 0000000000000008 T fsFsDeleteDirectory
0000000000001990 0000000000000008 T fsFsRenameFile
00000000000019a0 0000000000000008 T fsFsRenameDirectory
00000000000019b0 00000000000001e8 T fsFsGetEntryType
0000000000001ba0 0000000000000008 T fsFsOpenFile
0000000000001bb0 0000000000000008 T fsFsOpenDirectory
0000000000001bc0 0000000000000008 T fsFsGetFreeSpace
0000000000001bd0 0000000000000008 T fsFsGetTotalSpace
0000000000001be0 0000000000000230 T fsFsGetFileTimeStampRaw
0000000000001e10 0000000000000004 T fsFsClose
0000000000001e20 000000000000020c T fsFileRead
0000000000002030 00000000000001fc T fsFileWrite
0000000000002230 0000000000000008 T fsFileFlush
0000000000002240 00000000000001b4 T fsFileSetSize
0000000000002240 00000000000001b4 t fsFileSetSize.localalias
0000000000002400 00000000000001c4 T fsFileGetSize
0000000000002400 00000000000001c4 t fsFileGetSize.localalias
00000000000025d0 0000000000000004 T fsFileClose
00000000000025e0 0000000000000004 T fsDirClose
00000000000025f0 0000000000000200 T fsDirRead
00000000000027f0 00000000000000d0 t _smCmifCmdInPid
00000000000028c0 0000000000000068 t _smCleanup
0000000000002930 0000000000000048 T smAddOverrideHandle
0000000000002980 0000000000000054 T smGetServiceOverride
00000000000029e0 00000000000001c0 T smInitialize
0000000000002ba0 0000000000000044 T smExit
0000000000002bf0 00000000000000d0 T smGetServiceOriginal
0000000000002cc0 0000000000000120 T smGetServiceWrapper
0000000000002de0 0000000000000014 T hosversionGet
0000000000002e00 0000000000000010 T hosversionSet
0000000000002e10 000000000000001c W diagAbortWithResult
0000000000002e30 000000000000007c t _socketGetFd
0000000000002eb0 00000000000000a8 t _socketParseBsdResult.part.0
0000000000002f60 000000000000004c t _socketRead
0000000000002fb0 000000000000004c t _socketWrite
0000000000003000 000000000000003c t _socketClose
0000000000003040 000000000000007c t _socketOpen
00000000000030c0 000000000000001c T socketExit
00000000000030e0 000000000000012c T socketInitialize
0000000000003210 00000000000000c4 T socketSslConnectionSetSocketDescriptor
00000000000032e0 000000000000018c T poll
0000000000003470 00000000000000a4 T socket
0000000000003520 0000000000000068 T recv
0000000000003590 0000000000000080 T recvfrom
0000000000003610 0000000000000068 T send
0000000000003680 0000000000000080 T sendto
0000000000003700 00000000000000ac T accept
00000000000037b0 0000000000000060 T bind
0000000000003810 0000000000000060 T connect
0000000000003870 0000000000000060 T getpeername
00000000000038d0 0000000000000060 T getsockname
0000000000003930 000000000000007c T getsockopt
00000000000039b0 0000000000000058 T listen
0000000000003a10 000000000000007c T setsockopt
0000000000003a90 00000000000000c0 T fcntl
0000000000003b50 00000000000001f4 T ioctl
0000000000003d50 0000000000000024 T socketpair
0000000000003d80 0000000000000014 t fsdev_link
0000000000003da0 0000000000000014 t fsdev_dirreset
0000000000003dc0 0000000000000014 t fsdev_chmod
0000000000003de0 0000000000000018 t error_cmp
0000000000003e00 0000000000000020 t fsdev_dirclose
0000000000003e20 000000000000001c t fsdev_close
0000000000003e40 0000000000000080 t fsdev_converttimetoutc
0000000000003ec0 00000000000000c8 t fsdevFindDevice.part.0
0000000000003f90 00000000000001ac t fsdev_fixpath
0000000000004140 00000000000000a0 t _fsdevUnmountDeviceStruct.part.0
00000000000041e0 0000000000000014 t fsdev_fchmod
0000000000004200 0000000000000108 t fsdev_diropen
0000000000004310 00000000000000fc t fsdev_statvfs
0000000000004410 000000000000007c t fsdev_fsync
0000000000004490 00000000000000f4 t fsdev_fstat
0000000000004590 000000000000008c t fsdev_ftruncate
0000000000004620 00000000000001fc t fsdev_stat
0000000000004820 000000000000014c t fsdev_rename
0000000000004970 0000000000000140 t fsdev_chdir
0000000000004ab0 00000000000000a4 t fsdev_mkdir
0000000000004b60 00000000000000a4 t fsdev_unlink
0000000000004c10 00000000000000a4 t fsdev_rmdir
0000000000004cc0 000000000000013c t fsdev_write_safe
0000000000004e00 000000000000013c t fsdev_read_safe
0000000000004f40 0000000000000104 t fsdev_read
0000000000005050 00000000000001a0 t fsdev_dirnext
00000000000051f0 000000000000011c t fsdev_write
0000000000005310 00000000000000f0 t fsdev_seek
0000000000005400 000000000000023c t fsdev_open
0000000000005640 0000000000000214 T fsdevMountDevice
0000000000005860 0000000000000040 T fsdevMountSdmc
00000000000058a0 0000000000000064 T fsdevUnmountAll
0000000000005910 000000000000002c T _convert_errno
0000000000005940 000000000000012c T decode_utf8
0000000000005a6c T svcUnmapMemory
0000000000005a74 T svcQueryMemory
0000000000005a88 T svcExitProcess
0000000000005a90 T svcSleepThread
0000000000005a98 T svcCreateTransferMemory
0000000000005aac T svcCloseHandle
0000000000005ab4 T svcArbitrateLock
0000000000005abc T svcArbitrateUnlock
0000000000005ac4 T svcWaitProcessWideKeyAtomic
0000000000005acc T svcSignalProcessWideKey
0000000000005ad4 T svcConnectToNamedPort
0000000000005ae8 T svcSendSyncRequest
0000000000005af0 T svcBreak
0000000000005af8 T svcReturnFromException
0000000000005b00 T svcGetInfo
0000000000005b14 T svcUnmapTransferMemory
0000000000005b1c T __aarch64_read_tp
0000000000005b30 0000000000000080 T mutexLock
0000000000005bb0 0000000000000068 T mutexUnlock
0000000000005c20 000000000000004c T rmutexLock
0000000000005c70 000000000000001c T rmutexUnlock
0000000000005c90 0000000000000178 T sessionmgrCreate
0000000000005e10 0000000000000084 T sessionmgrClose
0000000000005ea0 00000000000000b4 T sessionmgrAttachClient
0000000000005f60 0000000000000070 T sessionmgrDetachClient
0000000000005fd0 00000000000000f8 t _bsdStartMonitoring
00000000000060d0 00000000000000e0 t _bsdCleanup
00000000000061b0 000000000000020c t _bsdCmdInSockfdOutSockaddr
00000000000063c0 00000000000001b4 t _bsdCmdInSockfdSockaddr
0000000000006580 0000000000000148 t _bsdCmdInDomainTypeProtocol
00000000000066d0 0000000000000130 t _bsdRegisterClient.constprop.0
0000000000006800 000000000000021c T bsdInitialize
0000000000006a20 0000000000000044 T bsdExit
0000000000006a70 0000000000000008 T bsdSocket
0000000000006a80 00000000000001d0 T bsdOpen
0000000000006c50 0000000000000250 T bsdPoll
0000000000006ea0 00000000000001c8 T bsdRecv
0000000000007070 0000000000000270 T bsdRecvFrom
00000000000072e0 00000000000001d0 T bsdSend
00000000000074b0 000000000000025c T bsdSendTo
0000000000007710 0000000000000008 T bsdAccept
0000000000007720 0000000000000008 T bsdBind
0000000000007730 0000000000000008 T bsdConnect
0000000000007740 0000000000000008 T bsdGetPeerName
0000000000007750 0000000000000008 T bsdGetSockName
0000000000007760 0000000000000228 T bsdGetSockOpt
0000000000007990 0000000000000144 T bsdListen
0000000000007ae0 0000000000000554 T bsdIoctl
0000000000008040 000000000000017c T bsdFcntl
00000000000081c0 00000000000001cc T bsdSetSockOpt
0000000000008390 00000000000001c8 T bsdWrite
0000000000008560 00000000000001c4 T bsdRead
0000000000008730 000000000000013c T bsdClose
0000000000008870 00000000000000b4 t _sslCleanup
0000000000008930 00000000000000dc t _sslSetInterfaceVersion
0000000000008a10 0000000000000178 t _sslCmdNoIO
0000000000008b90 0000000000000188 t _sslCmdInU32NoOut
0000000000008d20 000000000000018c t _sslCmdNoInOutU32
0000000000008eb0 000000000000019c t _sslCmdInBufNoOut
0000000000009050 0000000000000244 t _sslCmdNoInOutBufTwoOutU32s
00000000000092a0 00000000000001b8 t _sslCmdOutBufOutU32
0000000000009460 00000000000000f4 t _sslObjectClose
0000000000009560 00000000000001ac t _sslCmdInBufOutU32.constprop.0
0000000000009710 00000000000002b0 T sslInitialize
00000000000099c0 0000000000000044 T sslExit
0000000000009a10 0000000000000168 T sslCreateContext
0000000000009b80 0000000000000004 T sslContextClose
0000000000009b90 0000000000000208 T sslContextCreateConnection
0000000000009da0 00000000000001f8 T sslContextImportServerPki
0000000000009fa0 0000000000000238 T sslContextImportClientPki
000000000000a1e0 0000000000000004 T sslConnectionClose
000000000000a1f0 00000000000001c4 T sslConnectionSetSocketDescriptor
000000000000a3c0 0000000000000028 T sslConnectionSetHostName
000000000000a3f0 0000000000000018 T sslConnectionSetVerifyOption
000000000000a410 0000000000000018 T sslConnectionSetIoMode
000000000000a430 0000000000000040 T sslConnectionDoHandshake
000000000000a470 0000000000000090 T sslConnectionGetServerCertDetail
000000000000a500 0000000000000030 T sslConnectionRead
000000000000a530 000000000000002c T sslConnectionWrite
000000000000a560 0000000000000018 T sslConnectionPending
000000000000a580 0000000000000030 T sslConnectionPeek
000000000000a5b0 0000000000000018 T sslConnectionGetVerifyCertError
000000000000a5d0 0000000000000018 T sslConnectionSetSessionCacheMode
000000000000a5f0 00000000000001c4 T sslConnectionSetOption
000000000000a7c0 000000000000013c t _nifmCleanup
000000000000a900 0000000000000120 t _nifmConvertSfToNetworkProfileData
000000000000aa20 000000000000012c t _nifmCreateGeneralService.constprop.0
000000000000ab50 0000000000000120 t _nifmCmdGetSession.constprop.0
000000000000ac70 00000000000002a4 T nifmInitialize
000000000000af20 0000000000000044 T nifmExit
000000000000af70 0000000000000120 T nifmGetCurrentNetworkProfile
000000000000b090 00000000000000ec T nifmGetCurrentIpAddress
000000000000b180 0000000000000104 T timeToPosixTimeWithMyRule
000000000000b290 00000000000000a0 T __nx_dynamic
000000000000b330 000000000000002c W __libnx_init
000000000000b360 0000000000000020 W __libnx_exit
000000000000b380 0000000000000208 T envSetup
000000000000b590 0000000000000020 T envGetMainThreadHandle
000000000000b5b0 000000000000000c T envIsNso
000000000000b5c0 0000000000000014 T envHasArgv
000000000000b5e0 000000000000000c T envGetArgv
000000000000b5f0 000000000000000c T envGetExitFuncPtr
000000000000b600 0000000000000004 W __libnx_alloc
000000000000b610 0000000000000014 W __libnx_aligned_alloc
000000000000b630 0000000000000004 W __libnx_free
000000000000b640 000000000000001c T __syscall_exit
000000000000b660 0000000000000034 T __syscall_getreent
000000000000b6a0 0000000000000004 T __syscall_lock_acquire
000000000000b6b0 0000000000000004 T __syscall_lock_release
000000000000b6c0 0000000000000004 T __syscall_lock_acquire_recursive
000000000000b6d0 0000000000000004 T __syscall_lock_release_recursive
000000000000b6e0 00000000000000e8 T __syscall_clock_gettime
000000000000b7d0 000000000000008c T __syscall_gettod_r
000000000000b860 0000000000000084 T newlibSetup
000000000000b8f0 0000000000000308 W argvSetup
000000000000bbf8 W __libnx_exception_entry
000000000000bc84 t __libnx_exception_entry_start
000000000000bdac t __libnx_exception_entry_abort
000000000000bdb0 t __libnx_exception_entry_end
000000000000bdb8 T __libnx_exception_returnentry
000000000000bdd0 00000000000000a8 T tmemCreate
000000000000be80 0000000000000028 T tmemCreateFromMemory
000000000000beb0 0000000000000034 T tmemUnmap
000000000000bef0 0000000000000068 T tmemClose
000000000000bf60 0000000000000064 t _memregionInitWithInfo
000000000000bfd0 0000000000000120 T virtmemSetup
000000000000c0f0 0000000000000064 T condvarWaitTimeout
000000000000c160 00000000000000b0 T __libnx_init_thread
000000000000c210 00000000000000c4 T nxlinkSetup
000000000000c2e0 00000000000000a4 t curl_global_init
000000000000c390 0000000000000020 t curl_global_cleanup
000000000000c3b0 00000000000000ac t curl_easy_init
000000000000c460 0000000000000190 t curl_easy_perform
000000000000c5f0 0000000000000020 t curl_easy_cleanup
000000000000c610 00000000000000f4 t connect_SOCKS
000000000000c710 0000000000000074 t verifyconnect
000000000000c790 00000000000000e4 t Curl_timeleft
000000000000c880 000000000000006c t Curl_persistconninfo
000000000000c8f0 0000000000000248 t Curl_updateconninfo.part.0
000000000000cb40 0000000000000014 t Curl_updateconninfo
000000000000cb60 000000000000005c t Curl_connalive
000000000000cbc0 00000000000000b0 t Curl_closesocket
000000000000cc70 0000000000000160 t Curl_socket
000000000000cdd0 000000000000089c t singleipconnect
000000000000d670 00000000000000dc t trynextip
000000000000d750 00000000000004ec t Curl_is_connected
000000000000dc40 000000000000011c t Curl_connecthost
000000000000dd60 0000000000000048 t Curl_conncontrol
000000000000ddb0 0000000000000074 t Curl_conn_data_pending
000000000000de30 0000000000000010 t trhash
000000000000de40 0000000000000014 t trhash_compare
000000000000de60 0000000000000004 t trhash_dtor
000000000000de70 0000000000000014 t sh_freeentry
000000000000de90 0000000000000014 t fd_key_compare
000000000000deb0 0000000000000010 t hash_fd
000000000000dec0 0000000000000160 t multi_getsock
000000000000e020 0000000000000494 t singlesocket
000000000000e4c0 000000000000009c t multi_timeout.part.0
000000000000e560 00000000000000f4 t add_next_timeout.isra.0
000000000000e660 0000000000000478 t Curl_multi_wait.part.0
000000000000eae0 00000000000001cc t Curl_multi_handle
000000000000ecb0 0000000000000014 t Curl_multiplex_wanted
000000000000ecd0 000000000000001c t Curl_attach_connnection
000000000000ecf0 0000000000000044 t curl_multi_poll
000000000000ed40 000000000000009c t curl_multi_info_read
000000000000ede0 00000000000000b0 t Curl_multi_closed
000000000000ee90 000000000000022c t curl_multi_setopt
000000000000f0c0 00000000000000d0 t Curl_update_timer
000000000000f190 0000000000000220 t Curl_expire
000000000000f3b0 0000000000000174 t curl_multi_add_handle
000000000000f530 0000000000000078 t process_pending_handles
000000000000f5b0 0000000000000304 t multi_done
000000000000f8c0 0000000000000130 t curl_multi_cleanup
000000000000f9f0 0000000000001418 t multi_runsingle
0000000000010e10 0000000000000114 t curl_multi_perform
0000000000010f30 000000000000003c t Curl_expire_done
0000000000010f70 00000000000000d0 t Curl_expire_clear
0000000000011040 000000000000003c t Curl_init_completed
0000000000011080 000000000000020c t curl_multi_remove_handle
0000000000011290 0000000000000014 t Curl_multi_max_host_connections
00000000000112b0 0000000000000014 t Curl_multi_max_total_connections
00000000000112d0 0000000000000028 t Curl_set_in_callback
0000000000011300 0000000000000060 t Curl_share_lock
0000000000011360 0000000000000060 t Curl_share_unlock
00000000000113c0 0000000000000088 t Curl_input_digest
0000000000011450 00000000000001dc t Curl_output_digest
0000000000011630 0000000000000030 t Curl_http_auth_cleanup_digest
0000000000011660 0000000000000440 t curl_easy_strerror
0000000000011aa0 0000000000000118 t Curl_strerror
0000000000011bc0 0000000000000054 t Curl_wait_ms
0000000000011c20 00000000000001f8 t Curl_socket_check
0000000000011e20 000000000000012c t Curl_poll
0000000000011f50 000000000000014c t Curl_splay
00000000000120a0 00000000000000ac t Curl_splayinsert
0000000000012150 00000000000000b4 t Curl_splaygetbest
0000000000012210 00000000000000f0 t Curl_splayremovebyaddr
0000000000012300 0000000000000054 t Curl_memdup
0000000000012360 0000000000000058 t Curl_saferealloc
00000000000123c0 000000000000003c t Curl_SOCKS_getsock
0000000000012400 00000000000005dc t Curl_SOCKS4
00000000000129e0 0000000000000b08 t Curl_SOCKS5
00000000000134f0 0000000000000058 t Curl_slist_append_nodup
0000000000013550 00000000000000d0 t curl_slist_append
0000000000013620 000000000000005c t curl_slist_free_all
0000000000013680 0000000000000040 t curlx_nonblock
00000000000136c0 0000000000000004 t curlx_ultous
00000000000136d0 0000000000000004 t curlx_ultouc
00000000000136e0 0000000000000008 t curlx_uztosi
00000000000136f0 0000000000000004 t curlx_uztoui
0000000000013700 0000000000000008 t curlx_sltosi
0000000000013710 0000000000000004 t curlx_sltous
0000000000013720 0000000000000008 t curlx_uztosz
0000000000013730 0000000000000004 t curlx_sotouz
0000000000013740 0000000000000024 t Curl_connect_complete
0000000000013770 0000000000000024 t Curl_connect_ongoing
00000000000137a0 0000000000000038 t Curl_connect_free
00000000000137e0 0000000000000c18 t Curl_proxyCONNECT
0000000000014400 0000000000000150 t Curl_proxy_connect
0000000000014550 0000000000000008 t conn_llist_dtor
0000000000014560 0000000000000044 t free_bundle_hash_entry
00000000000145b0 0000000000000090 t Curl_conncache_init
0000000000014640 000000000000000c t Curl_conncache_destroy
0000000000014650 0000000000000014 t Curl_conncache_unlock
0000000000014670 0000000000000068 t Curl_conncache_size
00000000000146e0 00000000000000c0 t Curl_conncache_find_bundle
00000000000147a0 000000000000017c t Curl_conncache_add_conn
0000000000014920 0000000000000138 t Curl_conncache_remove_conn
0000000000014a60 0000000000000114 t Curl_conncache_foreach
0000000000014b80 0000000000000128 t Curl_conncache_extract_bundle
0000000000014cb0 0000000000000194 t Curl_conncache_extract_oldest
0000000000014e50 00000000000000d8 t Curl_conncache_return_conn
0000000000014f30 00000000000000e0 t Curl_conncache_close_all_connections
0000000000015010 00000000000000c0 t escape_string
00000000000150d0 0000000000000048 t mime_mem_seek
0000000000015120 0000000000000034 t mime_mem_free
0000000000015160 0000000000000098 t mime_mem_read
0000000000015200 00000000000000b0 t readback_bytes
00000000000152b0 0000000000000044 t mime_file_free
0000000000015300 000000000000007c t mime_file_seek
0000000000015380 0000000000000080 t mime_file_read
0000000000015400 00000000000004a4 t readback_part
00000000000158b0 00000000000002cc t read_part_content.part.0
0000000000015b80 0000000000000098 t search_header
0000000000015c20 0000000000000104 t mime_subparts_seek
0000000000015d30 0000000000000044 t mime_subparts_unbind
0000000000015d80 00000000000000cc t Curl_mime_cleanpart
0000000000015e50 00000000000000ac t curl_mime_free.part.0
0000000000015f00 0000000000000044 t mime_subparts_free
0000000000015f50 0000000000000088 t curl_mime_init
0000000000015fe0 0000000000000038 t Curl_mime_initpart
0000000000016020 0000000000000090 t curl_mime_addpart
00000000000160b0 0000000000000070 t curl_mime_name
0000000000016120 0000000000000070 t curl_mime_filename
0000000000016190 00000000000001c4 t curl_mime_filedata.part.0
0000000000016360 0000000000000118 t curl_mime_data
0000000000016480 0000000000000088 t curl_mime_filedata
0000000000016510 0000000000000070 t curl_mime_type
0000000000016580 000000000000007c t curl_mime_headers
0000000000016600 00000000000000a8 t curl_mime_data_cb
00000000000166b0 0000000000000154 t Curl_mime_set_subparts
0000000000016810 0000000000000008 t curl_mime_subparts
0000000000016820 0000000000000050 T Curl_mime_read
0000000000016870 0000000000000088 t Curl_mime_rewind
0000000000016900 0000000000000188 t Curl_mime_size
0000000000016a90 00000000000000dc t Curl_mime_add_header
0000000000016b70 00000000000000bc t Curl_mime_contenttype
0000000000016c30 000000000000051c t Curl_mime_prepare_headers
0000000000017150 00000000000000d0 t setstropt_userpwd
0000000000017220 00000000000000ac t Curl_setstropt
00000000000172d0 0000000000002eec t Curl_vsetopt
000000000001a1c0 0000000000000078 t curl_easy_setopt
000000000001a240 0000000000000024 t Curl_isspace
000000000001a270 0000000000000024 t Curl_isdigit
000000000001a2a0 0000000000000024 t Curl_isalnum
000000000001a2d0 0000000000000028 t Curl_isxdigit
000000000001a300 0000000000000030 t Curl_isgraph
000000000001a330 0000000000000024 t Curl_isalpha
000000000001a360 0000000000000024 t Curl_isupper
000000000001a390 0000000000000024 t Curl_iscntrl
000000000001a3c0 0000000000000058 t auth_digest_sha256_to_ascii
000000000001a420 0000000000000058 t auth_digest_md5_to_ascii
000000000001a480 000000000000057c t auth_create_digest_http_message
000000000001aa00 0000000000000128 t Curl_auth_digest_get_pair
000000000001ab30 0000000000000008 t Curl_auth_is_digest_supported
000000000001ab40 00000000000008b0 t Curl_auth_create_digest_md5_message
000000000001b3f0 0000000000000088 t Curl_auth_create_digest_http_message
000000000001b480 0000000000000098 t Curl_auth_digest_cleanup
000000000001b520 000000000000050c t Curl_auth_decode_digest_http_message
000000000001ba30 0000000000000004 T Curl_none_cleanup
000000000001ba40 0000000000000008 T Curl_none_shutdown
000000000001ba50 0000000000000008 T Curl_none_check_cxn
000000000001ba60 0000000000000008 T Curl_none_random
000000000001ba70 0000000000000004 T Curl_none_close_all
000000000001ba80 0000000000000008 T Curl_none_data_pending
000000000001ba90 0000000000000008 T Curl_none_cert_status_request
000000000001baa0 0000000000000008 T Curl_none_set_engine
000000000001bab0 0000000000000008 T Curl_none_set_engine_default
000000000001bac0 0000000000000008 T Curl_none_engines_list
000000000001bad0 0000000000000194 t Curl_multissl_version
000000000001bc70 0000000000000068 t ssl_prefs_check
000000000001bce0 000000000000007c T Curl_none_md5sum
000000000001bd60 00000000000000c8 t multissl_init.part.0
000000000001be30 00000000000000b8 t ssl_connect_init_proxy
000000000001bef0 000000000000006c t Curl_ssl_free_certinfo.part.0
000000000001bf60 0000000000000008 T Curl_none_false_start
000000000001bf70 0000000000000004 T Curl_none_session_free
000000000001bf80 0000000000000060 t Curl_multissl_init
000000000001bfe0 000000000000007c t Curl_multissl_close
000000000001c060 0000000000000070 t Curl_multissl_get_internals
000000000001c0d0 0000000000000070 t Curl_multissl_connect
000000000001c140 0000000000000078 t Curl_multissl_connect_nonblocking
000000000001c1c0 00000000000000e0 t Curl_ssl_config_matches
000000000001c2a0 00000000000001f4 t Curl_clone_primary_ssl_config
000000000001c4a0 00000000000000a4 t Curl_free_primary_ssl_config
000000000001c550 0000000000000058 t Curl_ssl_backend
000000000001c5b0 0000000000000030 t Curl_ssl_init
000000000001c5e0 0000000000000038 t Curl_ssl_cleanup
000000000001c620 00000000000000b8 t Curl_ssl_connect
000000000001c6e0 00000000000000cc t Curl_ssl_connect_nonblocking
000000000001c7b0 000000000000006c t Curl_ssl_kill_session
000000000001c820 0000000000000098 t Curl_ssl_close_all
000000000001c8c0 0000000000000008 t Curl_ssl_getsock
000000000001c8d0 0000000000000014 t Curl_ssl_close
000000000001c8f0 000000000000007c t Curl_ssl_shutdown
000000000001c970 0000000000000014 t Curl_ssl_set_engine
000000000001c990 0000000000000014 t Curl_ssl_set_engine_default
000000000001c9b0 0000000000000074 t Curl_ssl_initsessions
000000000001ca30 0000000000000014 t Curl_ssl_check_cxn
000000000001ca50 0000000000000014 t Curl_ssl_data_pending
000000000001ca70 0000000000000010 t Curl_ssl_free_certinfo
000000000001ca80 000000000000006c t Curl_ssl_init_certinfo
000000000001caf0 0000000000000124 t Curl_ssl_push_certinfo_len
000000000001cc20 000000000000004c t Curl_ssl_push_certinfo
000000000001cc70 0000000000000014 t Curl_ssl_random
000000000001cc90 00000000000004c4 t Curl_pin_peer_pubkey
000000000001d160 0000000000000014 t Curl_ssl_cert_status_request
000000000001d180 0000000000000014 t Curl_ssl_false_start
000000000001d1a0 0000000000000014 t Curl_ssl_tls13_ciphersuites
000000000001d1c0 0000000000000008 t Curl_libnx_get_internals
000000000001d1d0 000000000000002c t Curl_libnx_sha256sum
000000000001d200 0000000000000058 t Curl_libnx_close
000000000001d260 0000000000000074 t libnx_send
000000000001d2e0 00000000000000a0 t libnx_recv
000000000001d380 0000000000000020 t Curl_libnx_version
000000000001d3a0 00000000000000e8 t load_file
000000000001d490 0000000000000198 t load_capath
000000000001d630 000000000000040c t libnx_connect_step2
000000000001da40 0000000000000028 t Curl_libnx_random
000000000001da70 000000000000004c t Curl_libnx_data_pending
000000000001dac0 0000000000000060 t Curl_libnx_check_cxn
000000000001db20 0000000000000014 t Curl_libnx_cleanup
000000000001db40 0000000000000038 t Curl_libnx_init
000000000001db80 0000000000000970 t libnx_connect_common
000000000001e4f0 000000000000000c t Curl_libnx_connect_nonblocking
000000000001e500 0000000000000020 t Curl_libnx_connect
000000000001e520 0000000000000064 t Curl_now
000000000001e590 0000000000000074 t Curl_timediff
000000000001e610 0000000000000054 t Curl_timediff_us
000000000001e670 0000000000000218 t base64_encode.constprop.0
000000000001e890 0000000000000234 t Curl_base64_decode
000000000001ead0 000000000000000c t Curl_base64_encode
000000000001eae0 000000000000000c t Curl_base64url_encode
000000000001eaf0 0000000000000024 t hostcache_timestamp_remove
000000000001eb20 0000000000000054 t freednsentry
000000000001eb80 0000000000000098 t create_hostcache_id.constprop.0
000000000001ec20 0000000000000124 t fetch_addr.isra.0
000000000001ed50 0000000000000020 t Curl_num_addresses
000000000001ed70 000000000000002c t Curl_printable_address
000000000001eda0 0000000000000084 t Curl_hostcache_prune
000000000001ee30 0000000000000084 t Curl_fetch_addr
000000000001eec0 000000000000029c t Curl_cache_addr
000000000001f160 0000000000000258 t Curl_resolv
000000000001f3c0 000000000000008c t Curl_resolv_timeout
000000000001f450 00000000000000c4 t Curl_resolv_unlock
000000000001f520 0000000000000020 t Curl_mk_dnscache
000000000001f540 000000000000006c t Curl_hostcache_clean
000000000001f5b0 0000000000000448 t Curl_loadhostpairs
000000000001fa00 0000000000000018 t Curl_resolv_check
000000000001fa20 0000000000000008 t Curl_resolv_getsock
000000000001fa30 0000000000000060 t Curl_once_resolved
000000000001fa90 000000000000010c t time2str
000000000001fba0 00000000000001b0 t max5data
000000000001fd50 0000000000000018 t Curl_pgrsResetTransferSizes
000000000001fd70 0000000000000160 t Curl_pgrsTime
000000000001fed0 00000000000000c0 t Curl_pgrsLimitWaitTime
000000000001ff90 0000000000000008 t Curl_pgrsSetDownloadCounter
000000000001ffa0 00000000000000b8 t Curl_ratelimit
0000000000020060 000000000000006c t Curl_pgrsStartNow
00000000000200d0 0000000000000008 t Curl_pgrsSetUploadCounter
00000000000200e0 000000000000002c t Curl_pgrsSetDownloadSize
0000000000020110 000000000000002c t Curl_pgrsSetUploadSize
0000000000020140 0000000000000624 t Curl_pgrsUpdate
0000000000020770 000000000000005c t Curl_pgrsDone
00000000000207d0 0000000000000090 t freecookie
0000000000020860 0000000000000020 t cookie_sort_ct
0000000000020880 00000000000000a8 t remove_expired
0000000000020930 000000000000012c t cookie_sort
0000000000020a60 0000000000000088 t tailmatch
0000000000020af0 0000000000000108 t sanitize_cookie_path
0000000000020c00 0000000000000100 t get_netscape_format
0000000000020d00 00000000000000cc t cookiehash
0000000000020dd0 0000000000000ed4 t Curl_cookie_add
0000000000021cb0 0000000000000430 t Curl_cookie_getlist
00000000000220e0 000000000000005c t Curl_cookie_clearall
0000000000022140 0000000000000038 t Curl_cookie_freelist
0000000000022180 00000000000000ac t Curl_cookie_clearsess
0000000000022230 0000000000000084 t Curl_cookie_cleanup
00000000000222c0 0000000000000278 t Curl_cookie_init
0000000000022540 00000000000000a4 t Curl_cookie_loadfiles
00000000000225f0 00000000000003ec t Curl_flush_cookies
00000000000229e0 0000000000000084 t pickoneauth
0000000000022a70 0000000000000070 t http_should_fail
0000000000022ae0 0000000000000010 t http_getsock_do
0000000000022af0 00000000000000b8 t http_setup_conn
0000000000022bb0 0000000000000018 t https_getsock
0000000000022bd0 0000000000000050 t https_connecting
0000000000022c20 00000000000000e8 t readmoredata
0000000000022d10 0000000000000108 t header_append
0000000000022e20 0000000000000104 t http_perhapsrewind
0000000000022f30 00000000000000bc t checkhttpprefix.isra.0
0000000000022ff0 0000000000000068 t checkprotoprefix.isra.0
0000000000023060 00000000000000f8 t Curl_http_done
0000000000023160 0000000000000090 t Curl_checkProxyheaders
00000000000231f0 000000000000034c t output_auth_headers
0000000000023540 0000000000000100 t Curl_copy_header_value
0000000000023640 0000000000000240 t Curl_http_auth_act
0000000000023880 0000000000000188 t Curl_http_output_auth
0000000000023a10 00000000000001e4 t Curl_http_input_auth
0000000000023c00 000000000000001c t Curl_add_buffer_init
0000000000023c20 0000000000000058 t Curl_add_buffer_free
0000000000023c80 0000000000000238 t Curl_add_buffer_send
0000000000023ec0 0000000000000140 t Curl_add_buffer
0000000000024000 0000000000000108 t Curl_add_bufferf
0000000000024110 000000000000018c t Curl_http_connect
00000000000242a0 0000000000000100 t Curl_compareheader
00000000000243a0 00000000000000d0 t expect100
0000000000024470 00000000000000ec t Curl_http_compile_trailers
0000000000024560 00000000000003fc t Curl_add_custom_headers
0000000000024960 000000000000015c t Curl_add_timecondition
0000000000024ac0 00000000000017d8 T Curl_http
00000000000262a0 00000000000010c0 t Curl_http_readwrite_headers
0000000000027360 000000000000011c t pausewrite
0000000000027480 0000000000000008 t Curl_recv_has_postponed_data
0000000000027490 00000000000001c0 t Curl_sendf
0000000000027650 000000000000008c t Curl_write
00000000000276e0 0000000000000068 t Curl_read_plain
0000000000027750 000000000000007c t Curl_read
00000000000277d0 00000000000000d4 t Curl_debug
00000000000278b0 0000000000000138 t Curl_infof
00000000000279f0 0000000000000128 t Curl_failf
0000000000027b20 00000000000000cc T Curl_recv_plain
0000000000027bf0 0000000000000430 t Curl_client_write
0000000000028020 00000000000000d8 t Curl_send_plain
0000000000028100 000000000000003c t Curl_write_plain
0000000000028140 0000000000000174 t get_protocol_family
00000000000282c0 00000000000000c0 t up_free
0000000000028380 0000000000000214 t conn_free
00000000000285a0 00000000000000e4 t setup_range
0000000000028690 0000000000000078 t zonefrom_url
0000000000028710 000000000000004c t strip_trailing_dot
0000000000028760 0000000000000100 t parse_proxy_auth
0000000000028860 00000000000003b4 t parse_proxy
0000000000028c20 0000000000000124 t call_extract_if_dead
0000000000028d50 00000000000000a4 t Curl_freeset
0000000000028e00 0000000000000218 t Curl_close
0000000000029020 00000000000001c4 t Curl_init_userdefined
00000000000291f0 0000000000000130 t Curl_open
0000000000029320 0000000000000178 t Curl_disconnect
00000000000294a0 000000000000006c t Curl_verboseconnect
0000000000029510 0000000000000028 t Curl_is_ASCII_name
0000000000029540 000000000000004c t Curl_idnconvert_hostname
0000000000029590 0000000000000004 t Curl_free_idnconverted_hostname
00000000000295a0 0000000000000054 t Curl_builtin_scheme
0000000000029600 0000000000000024 t Curl_uc_to_curlcode
0000000000029630 0000000000000050 t Curl_free_request_state
0000000000029680 0000000000000408 t Curl_parse_login_details
0000000000029a90 000000000000015c t Curl_setup_conn
0000000000029bf0 00000000000000ec t Curl_init_do
0000000000029ce0 0000000000002600 t Curl_connect
000000000002c2e0 0000000000000108 t unescape_word
000000000002c3f0 0000000000000498 t dict_do
000000000002c890 0000000000000008 t Curl_ipv6_scope
000000000002c8a0 000000000000010c t Curl_if2ip
000000000002c9b0 0000000000000010 t Curl_speedinit
000000000002c9c0 00000000000000cc t Curl_speedcheck
000000000002ca90 000000000000003c t curl_getenv
000000000002cad0 000000000000005c t Curl_isunreserved
000000000002cb30 00000000000001c4 t Curl_urldecode
000000000002cd00 0000000000000014 t curl_free
000000000002cd20 0000000000000038 t addbyter
000000000002cd60 00000000000000d0 t alloc_addbyter
000000000002ce30 00000000000000b8 t curl_msnprintf
000000000002cef0 00000000000013b0 t dprintf_formatf
000000000002e2a0 000000000000006c t curl_mvsnprintf
000000000002e310 000000000000011c t curl_maprintf
000000000002e430 00000000000000c8 t curl_mvaprintf
000000000002e500 0000000000000078 t curl_mfprintf
000000000002e580 0000000000000058 t telnet_done
000000000002e5e0 0000000000000290 t check_telnet_options
000000000002e870 00000000000001c8 t send_telnet_data
000000000002ea40 000000000000040c t printsub.part.0
000000000002ee50 00000000000000ec t printoption.part.0
000000000002ef40 0000000000000098 t send_negotiation
000000000002efe0 000000000000013c t sendsuboption
000000000002f120 0000000000000334 t suboption
000000000002f460 0000000000000bc4 t telnet_do
0000000000030030 0000000000000458 t parsenetrc
0000000000030490 00000000000000e8 t Curl_parsenetrc
0000000000030580 00000000000000c0 t Curl_initinfo
0000000000030640 000000000000006c t Curl_trailers_read
00000000000306b0 0000000000000078 t Curl_checkheaders
0000000000030730 000000000000004c t Curl_get_upload_buffer
0000000000030780 0000000000000420 t Curl_fillreadbuffer
0000000000030ba0 000000000000019c t Curl_readrewind
0000000000030d40 0000000000000088 t Curl_meets_timecondition
0000000000030dd0 0000000000000020 t Curl_done_sending
0000000000030df0 0000000000000e14 t Curl_readwrite
0000000000031c10 0000000000000094 t Curl_single_getsock
0000000000031cb0 0000000000000014 t Curl_init_CONNECT
0000000000031cd0 00000000000001f0 t Curl_pretransfer
0000000000031ec0 0000000000000008 t Curl_posttransfer
0000000000031ed0 0000000000000314 t Curl_follow
00000000000321f0 000000000000014c t Curl_retry_request
0000000000032340 000000000000017c t Curl_setup_transfer
00000000000324c0 0000000000000020 t Curl_raw_toupper
00000000000324e0 00000000000000bc t Curl_strcasecompare
00000000000325a0 0000000000000020 t Curl_safe_strcasecompare
00000000000325c0 00000000000000c4 t Curl_strncasecompare
0000000000032690 0000000000000044 t Curl_strntoupper
00000000000326e0 0000000000000004 t curl_strequal
00000000000326f0 0000000000000004 t curl_strnequal
0000000000032700 0000000000000008 t fileinfo_dtor
0000000000032710 0000000000000038 t Curl_wildcard_init
0000000000032750 0000000000000078 t Curl_wildcard_dtor
00000000000327d0 0000000000000010 t Curl_httpchunk_init
00000000000327e0 0000000000000450 t Curl_httpchunk_read
0000000000032c30 0000000000000094 t Curl_chunked_strerror
0000000000032cd0 000000000000000c t Curl_llist_init
0000000000032ce0 0000000000000074 t Curl_llist_insert_next
0000000000032d60 000000000000008c t Curl_llist_remove
0000000000032df0 00000000000000b4 t Curl_llist_destroy
0000000000032eb0 0000000000000008 t Curl_llist_count
0000000000032ec0 000000000000004c t hash_element_dtor
0000000000032f10 00000000000000cc t Curl_hash_init
0000000000032fe0 0000000000000100 t Curl_hash_add
00000000000330e0 00000000000000c0 t Curl_hash_delete
00000000000331a0 00000000000000a8 t Curl_hash_pick
0000000000033250 000000000000006c t Curl_hash_destroy
00000000000332c0 0000000000000088 t Curl_hash_clean
0000000000033350 00000000000000bc t Curl_hash_clean_with_criterium
0000000000033410 0000000000000030 T Curl_hash_str
0000000000033440 0000000000000038 T Curl_str_key_compare
0000000000033480 0000000000000010 t Curl_hash_start_iterate
0000000000033490 0000000000000070 t Curl_hash_next_element
0000000000033500 000000000000001c t zalloc_cb
0000000000033520 0000000000000018 t zfree_cb
0000000000033540 0000000000000014 t identity_init_writer
0000000000033560 0000000000000004 t identity_close_writer
0000000000033570 0000000000000014 t client_init_writer
0000000000033590 00000000000000bc t check_gzip_header.part.0
0000000000033650 0000000000000020 t client_unencode_write
0000000000033670 0000000000000004 t client_close_writer
0000000000033680 0000000000000004 t error_close_writer
0000000000033690 0000000000000014 t error_init_writer
00000000000336b0 0000000000000020 t identity_unencode_write
00000000000336d0 00000000000000ac t deflate_init_writer
0000000000033780 0000000000000098 t gzip_close_writer
0000000000033820 0000000000000098 t deflate_close_writer
00000000000338c0 00000000000000cc t exit_zlib
0000000000033990 0000000000000110 t gzip_init_writer
0000000000033aa0 0000000000000304 t inflate_stream
0000000000033db0 000000000000007c t deflate_unencode_write
0000000000033e30 0000000000000318 t gzip_unencode_write
0000000000034150 0000000000000120 t Curl_all_content_encodings
0000000000034270 0000000000000064 t error_unencode_write
00000000000342e0 000000000000001c t Curl_unencode_write
0000000000034300 000000000000006c t Curl_unencode_cleanup
0000000000034370 00000000000002c0 t Curl_build_unencoding_stack
0000000000034630 0000000000000a50 t body
0000000000035080 000000000000002c t MD5_Init
00000000000350b0 000000000000020c t MD5_Final
00000000000352c0 00000000000000f0 t MD5_Update
00000000000353b0 0000000000000078 T Curl_md5it
0000000000035430 0000000000000080 t Curl_MD5_init
00000000000354b0 0000000000000020 t Curl_MD5_update
00000000000354d0 0000000000000050 t Curl_MD5_final
0000000000035520 00000000000000e0 t curlx_strtoofft
0000000000035600 0000000000000010 t Curl_ipvalid
0000000000035610 00000000000000a4 t Curl_ipv4_resolve_r
00000000000356c0 000000000000006c t Curl_getaddrinfo
0000000000035730 0000000000000634 t parsedate.constprop.0
0000000000035d70 0000000000000050 t Curl_getdate_capped
0000000000035dc0 0000000000000028 t Curl_gmtime
0000000000035df0 0000000000000058 t tftp_disconnect
0000000000035e50 0000000000000010 t tftp_getsock
0000000000035e60 000000000000030c t tftp_rx
0000000000036170 0000000000000170 t tftp_set_timeouts
00000000000362e0 0000000000000370 t tftp_tx
0000000000036650 00000000000001cc t tftp_connect
0000000000036820 00000000000000bc t tftp_setup_connection
00000000000368e0 00000000000000a0 t tftp_translate_code.part.0
0000000000036980 0000000000000054 t tftp_done
00000000000369e0 000000000000050c t tftp_send_first
0000000000036ef0 0000000000000080 t tftp_state_machine
0000000000036f70 0000000000000660 t tftp_multi_statemach
00000000000375d0 0000000000000070 t tftp_doing
0000000000037640 00000000000000bc t tftp_do
0000000000037700 000000000000005c t Curl_freeaddrinfo
0000000000037760 0000000000000160 t Curl_he2ai.part.0
00000000000378c0 00000000000001b8 t Curl_getaddrinfo_ex
0000000000037a80 0000000000000104 t Curl_ip2addr
0000000000037b90 000000000000006c t Curl_str2addr
0000000000037c00 0000000000000040 t Curl_memrchr
0000000000037c40 0000000000000154 t imap_sendf
0000000000037da0 0000000000000008 t imap_getsock
0000000000037db0 0000000000000074 t imap_multi_statemach
0000000000037e30 00000000000000b4 t imap_get_message
0000000000037ef0 0000000000000198 t imap_atom
0000000000038090 00000000000000e0 t imap_perform_list
0000000000038170 0000000000000014 t imap_continue_authenticate
0000000000038190 0000000000000198 t imap_done
0000000000038330 00000000000000e4 t imap_perform_fetch
0000000000038420 00000000000000e4 t imap_matchresp
0000000000038510 0000000000000368 t imap_endofresp
0000000000038880 0000000000000024 t imap_perform_authenticate
00000000000388b0 00000000000000e0 t imap_perform_login
0000000000038990 00000000000000d4 t imap_perform_authentication
0000000000038a70 0000000000000200 t imap_connect
0000000000038c70 0000000000000060 t imap_setup_connection
0000000000038cd0 0000000000000090 t imap_perform_upgrade_tls
0000000000038d60 00000000000000b4 t imap_disconnect
0000000000038e20 00000000000008dc t imap_do
0000000000039700 000000000000093c t imap_statemach_act
000000000003a040 00000000000000bc t imap_doing
000000000003a100 0000000000000014 t pop3_continue_auth
000000000003a120 0000000000000008 t pop3_getsock
000000000003a130 0000000000000074 t pop3_multi_statemach
000000000003a1b0 0000000000000080 t pop3_done
000000000003a230 00000000000000b4 t pop3_get_message
000000000003a2f0 00000000000000bc t pop3_endofresp
000000000003a3b0 0000000000000028 t pop3_perform_auth
000000000003a3e0 000000000000012c t pop3_perform_apop.part.0
000000000003a510 0000000000000218 t pop3_connect
000000000003a730 00000000000000b4 t pop3_disconnect
000000000003a7f0 00000000000001a4 t pop3_do
000000000003a9a0 0000000000000060 t pop3_setup_connection
000000000003aa00 0000000000000098 t pop3_perform_upgrade_tls
000000000003aaa0 0000000000000118 t pop3_perform_authentication
000000000003abc0 0000000000000074 t pop3_doing
000000000003ac40 000000000000022c t Curl_pop3_write
000000000003ae70 0000000000000684 t pop3_statemach_act
000000000003b500 0000000000000014 t smtp_continue_auth
000000000003b520 0000000000000008 t smtp_getsock
000000000003b530 0000000000000074 t smtp_multi_statemach
000000000003b5b0 00000000000000b4 t smtp_get_message
000000000003b670 0000000000000110 t smtp_endofresp
000000000003b780 00000000000000b4 t smtp_perform_authentication
000000000003b840 000000000000007c t smtp_parse_url_path
000000000003b8c0 00000000000001d0 t smtp_done
000000000003ba90 0000000000000028 t smtp_perform_auth
000000000003bac0 0000000000000188 t smtp_connect
000000000003bc50 00000000000000b4 t smtp_parse_address.constprop.0
000000000003bd10 00000000000000c8 t smtp_perform_rcpt_to
000000000003bde0 0000000000000228 t smtp_perform_command
000000000003c010 00000000000005d4 t smtp_do
000000000003c5f0 0000000000000058 t smtp_setup_connection
000000000003c650 0000000000000098 t smtp_perform_upgrade_tls
000000000003c6f0 00000000000007f4 t smtp_statemach_act
000000000003cef0 00000000000000b4 t smtp_disconnect
000000000003cfb0 00000000000000bc t smtp_doing
000000000003d070 0000000000000234 t Curl_smtp_escape_eob
000000000003d2b0 000000000000009c t Curl_pp_state_timeout
000000000003d350 00000000000001dc t Curl_pp_statemach
000000000003d530 000000000000003c t Curl_pp_init
000000000003d570 00000000000001a4 t Curl_pp_vsendf
000000000003d720 000000000000006c t Curl_pp_sendf
000000000003d790 0000000000000334 t Curl_pp_readresp
000000000003dad0 0000000000000020 t Curl_pp_getsock
000000000003daf0 0000000000000094 t Curl_pp_flushsend
000000000003db90 0000000000000038 t Curl_pp_disconnect
000000000003dbd0 000000000000002c t Curl_pp_moredata
000000000003dc00 0000000000000010 t rtsp_getsock_do
000000000003dc10 000000000000004c t rtsp_setup_connection
000000000003dc60 0000000000000038 t rtsp_disconnect
000000000003dca0 000000000000004c t rtsp_connect
000000000003dcf0 00000000000000a4 t rtsp_done
000000000003dda0 00000000000008a0 t rtsp_do
000000000003e640 0000000000000060 t rtsp_conncheck
000000000003e6a0 00000000000002dc t rtsp_rtp_readwrite
000000000003e980 00000000000001c4 t Curl_rtsp_parseheader
000000000003eb50 0000000000000054 t Curl_gethostname
000000000003ebb0 000000000000025c t gopher_do
000000000003ee10 0000000000000004 t Curl_sasl_cleanup
000000000003ee20 00000000000000f4 t Curl_sasl_decode_mech
000000000003ef20 00000000000000cc t Curl_sasl_parse_url_auth_option
000000000003eff0 000000000000001c t Curl_sasl_init
000000000003f010 0000000000000020 t Curl_sasl_can_authenticate
000000000003f030 00000000000003c8 t Curl_sasl_start
000000000003f400 00000000000004bc t Curl_sasl_continue
000000000003f8c0 000000000000011c t Curl_rand
000000000003f9e0 00000000000000c0 t Curl_rand_hex
000000000003faa0 00000000000000b4 t octet2str
000000000003fb60 000000000000014c t getASN1Element
000000000003fcb0 0000000000000140 t encodeUint
000000000003fdf0 00000000000002a8 t encodeOID
00000000000400a0 00000000000000ec t OID2str.part.0.constprop.0
0000000000040190 00000000000006d8 t ASN1tostr.constprop.0
0000000000040870 00000000000000a4 t do_pubkey_field
0000000000040920 000000000000028c t encodeDN
0000000000040bb0 0000000000000074 t DNtostr
0000000000040c30 0000000000000068 t dumpAlgo
0000000000040ca0 0000000000000270 t Curl_parseX509
0000000000040f10 00000000000008a4 t Curl_extract_certinfo
00000000000417c0 00000000000001d8 t sha256_compress
00000000000419a0 0000000000000268 T Curl_sha256it
0000000000041c10 000000000000007c t skipqname
0000000000041c90 000000000000009c t Curl_doh_done
0000000000041d30 000000000000008c t doh_write_cb
0000000000041dc0 00000000000000d4 t cnameappend
0000000000041ea0 0000000000000624 t dohprobe
00000000000424d0 000000000000014c t Curl_doh
0000000000042620 0000000000000bc0 t Curl_doh_is_resolved
00000000000431e0 00000000000000b4 t free_urlhandle
00000000000432a0 00000000000000a4 t find_host_sep
0000000000043350 0000000000000194 t hostname_check
00000000000434f0 0000000000000114 t strcpy_url
0000000000043610 0000000000000110 t Curl_is_absolute_url
0000000000043720 0000000000000944 t seturl
0000000000044070 000000000000001c t curl_url
0000000000044090 000000000000003c t curl_url_cleanup
00000000000440d0 0000000000000198 t curl_url_dup
0000000000044270 0000000000000644 t curl_url_get
00000000000448c0 0000000000000c88 t curl_url_set
0000000000045550 0000000000000094 t Curl_get_line
00000000000455f0 000000000000001c t Curl_rename
0000000000045610 00000000000000f4 t Curl_os_get_system_proxy
0000000000045710 0000000000000054 t Curl_auth_build_spn
0000000000045770 000000000000015c t Curl_auth_create_plain_message
00000000000458d0 00000000000000a4 t Curl_auth_create_login_message
0000000000045980 00000000000000a4 t Curl_auth_create_external_message
0000000000045a30 0000000000000068 t Curl_auth_decode_cram_md5_message
0000000000045aa0 00000000000001cc t Curl_auth_create_cram_md5_message
0000000000045c70 00000000000000bc t Curl_auth_create_oauth_bearer_message
0000000000045d30 0000000000000094 t Curl_auth_create_xoauth_bearer_message
0000000000045dd0 0000000000000050 t file_setup_connection
0000000000045e20 000000000000005c t file_disconnect
0000000000045e80 000000000000005c t file_done
0000000000045ee0 00000000000005a8 t file_do
0000000000046490 0000000000000130 t file_connect
00000000000465c0 00000000000000a8 t setname
0000000000046670 00000000000002c4 t Curl_getformdata.part.0
0000000000046940 0000000000000060 t Curl_getformdata
00000000000469a0 00000000000000a4 t freedirs
0000000000046a50 0000000000000040 t ftp_multi_statemach
0000000000046a90 0000000000000008 t ftp_getsock
0000000000046aa0 00000000000000a4 t ftp_connect
0000000000046b50 0000000000000188 t ftp_state_retr
0000000000046ce0 00000000000000a4 t ftp_state_use_pasv
0000000000046d90 00000000000000b0 t ftp_epsv_disable
0000000000046e40 00000000000001ec t ftp_state_ul_setup
0000000000047030 00000000000006e4 t ftp_state_use_port
0000000000047720 0000000000000488 t ftp_state_pasv_resp
0000000000047bb0 000000000000007c t ftp_timeleft_accept
0000000000047c30 00000000000000b0 t InitiateTransfer
0000000000047ce0 0000000000000040 t wc_data_dtor
0000000000047d20 0000000000000390 t ftp_parse_url_path
00000000000480b0 0000000000000104 t ftp_setup_connection
00000000000481c0 00000000000000a4 t ftp_domore_getsock
0000000000048270 0000000000000088 t ftp_endofresp
0000000000048300 000000000000012c t ftp_disconnect
0000000000048430 00000000000000a4 t ftp_doing
00000000000484e0 000000000000015c t AcceptServerConnect
0000000000048640 000000000000009c t ftp_state_type
00000000000486e0 0000000000000064 t ftp_state_mdtm
0000000000048750 0000000000000260 t ftp_state_quote
00000000000489b0 0000000000000100 t ftp_state_prepare_transfer
0000000000048ab0 0000000000000064 t ftp_state_rest
0000000000048b20 0000000000000064 t ftp_state_size
0000000000048b90 00000000000002b4 t ftp_state_type_resp
0000000000048e50 0000000000000200 t Curl_GetFTPResponse
0000000000049050 0000000000000168 t ReceivedServerConnect
00000000000491c0 00000000000000e0 t AllowServerConnect
00000000000492a0 0000000000001138 t ftp_statemach_act
000000000004a3e0 0000000000000384 t ftp_do_more
000000000004a770 0000000000000784 t ftp_do
000000000004af00 00000000000005d4 t ftp_done
000000000004b4e0 000000000000001c t Curl_fileinfo_alloc
000000000004b500 0000000000000048 t Curl_fileinfo_cleanup
000000000004b550 0000000000000170 t ftp_pl_insert_finfo
000000000004b6c0 000000000000001c t Curl_ftp_parselist_data_alloc
000000000004b6e0 0000000000000044 t Curl_ftp_parselist_data_free
000000000004b730 0000000000000008 t Curl_ftp_parselist_geterror
000000000004b740 0000000000000ddc T Curl_ftp_parselist
000000000004c520 0000000000000190 t Curl_HMAC_init
000000000004c6b0 0000000000000020 t Curl_HMAC_update
000000000004c6d0 000000000000008c t Curl_HMAC_final
000000000004c760 00000000000002f8 t Curl_dedotdotify
000000000004ca60 000000000000012c t Curl_range
000000000004cb90 0000000000000048 T Curl_fnmatch
000000000004cbe0 0000000000000068 t _csrngCleanup
000000000004cc50 000000000000009c T csrngInitialize
000000000004ccf0 0000000000000044 T csrngExit
000000000004cd40 00000000000000e0 T csrngGetRandomBytes
000000000004ce20 00000000000001d4 t _sha256ProcessBlocks
000000000004d000 000000000000002c T sha256ContextCreate
000000000004d030 00000000000000ec T sha256ContextUpdate
000000000004d120 00000000000000e0 T sha256ContextGetHash
000000000004d200 0000000000000054 T sha256CalculateHash
000000000004d260 0000000000000038 T freeaddrinfo
000000000004d2a0 000000000000058c T getaddrinfo
000000000004d830 0000000000000078 T gethostid
000000000004d8b0 0000000000000048 T gethostname
000000000004d900 00000000000001c0 t _inetAtonDetail
000000000004dac0 00000000000000c0 t inet_ntop4.part.0
000000000004db80 000000000000037c T inet_ntop
000000000004df00 000000000000028c T inet_pton
000000000004e190 00000000000002a0 T sfdnsresGetAddrInfoRequest
000000000004e430 0000000000000130 t updatewindow
000000000004e560 0000000000000050 t inflateStateCheck
000000000004e5b0 00000000000000a8 T inflateResetKeep
000000000004e660 0000000000000050 T inflateReset
000000000004e6b0 00000000000000a8 T inflateReset2
000000000004e760 0000000000000118 T inflateInit2_
000000000004e880 0000000000000010 T inflateInit_
000000000004e890 00000000000000a8 T inflatePrime
000000000004e940 00000000000018cc T inflate
0000000000050210 000000000000005c T inflateEnd
0000000000050270 00000000000000d4 T inflateGetDictionary
0000000000050350 00000000000000c0 T inflateSetDictionary
0000000000050410 0000000000000068 T inflateGetHeader
0000000000050480 0000000000000284 T inflateSync
0000000000050710 0000000000000070 T inflateSyncPoint
0000000000050780 00000000000001dc T inflateCopy
0000000000050960 0000000000000060 T inflateUndermine
00000000000509c0 0000000000000078 T inflateValidate
0000000000050a40 0000000000000090 T inflateMark
0000000000050ad0 0000000000000064 T inflateCodesUsed
0000000000050b40 0000000000000470 t inflate_table
0000000000050fb0 000000000000000c T zlibVersion
0000000000050fc0 0000000000000008 T zlibCompileFlags
0000000000050fd0 0000000000000018 T zError
0000000000050ff0 0000000000000008 T zcalloc
0000000000051000 0000000000000008 T zcfree
0000000000051010 0000000000000398 T adler32_z
00000000000513b0 0000000000000008 T adler32
00000000000513c0 00000000000000e4 T adler32_combine
00000000000514b0 00000000000000e4 T adler32_combine64
00000000000515a0 0000000000000200 t crc32_combine_
00000000000517a0 000000000000000c T get_crc_table
00000000000517b0 0000000000000330 T crc32_z
0000000000051ae0 0000000000000008 T crc32
0000000000051af0 0000000000000004 T crc32_combine
0000000000051b00 0000000000000004 T crc32_combine64
0000000000051b10 00000000000004d4 t inflate_fast
0000000000051ff0 0000000000000048 T access
0000000000052040 000000000000002c T aligned_alloc
0000000000052070 000000000000001c T atoi
0000000000052090 00000000000000b8 T bsearch
0000000000052150 000000000000002c T calloc
0000000000052180 00000000000000c0 T _calloc_r
0000000000052240 0000000000000014 T __errno
0000000000052260 0000000000000150 T _fclose_r
00000000000523b0 0000000000000024 T fclose
00000000000523e0 0000000000000208 T __sflush_r
00000000000525f0 00000000000000b8 T _fflush_r
00000000000526b0 0000000000000040 T fflush
00000000000526f0 00000000000001a4 T _fgets_r
00000000000528a0 000000000000003c T fgets
00000000000528e0 00000000000000a4 T fileno
0000000000052990 000000000000000c T _cleanup_r
00000000000529a0 0000000000000060 T __sfmoreglue
0000000000052a00 000000000000000c T __sfp_lock_acquire
0000000000052a10 000000000000000c T __sfp_lock_release
0000000000052a20 000000000000000c T __sinit_lock_acquire
0000000000052a30 000000000000000c T __sinit_lock_release
0000000000052a40 0000000000000160 T __sinit
0000000000052ba0 0000000000000104 T __sfp
0000000000052cb0 0000000000000044 T __libc_fini_array
0000000000052d00 0000000000000120 T _fopen_r
0000000000052e20 000000000000002c T fopen
0000000000052e50 00000000000000a4 T fputc
0000000000052f00 00000000000002e8 T _fread_r
00000000000531f0 0000000000000044 T fread
0000000000053240 0000000000000124 T _malloc_trim_r
0000000000053370 00000000000002d8 T _free_r
0000000000053650 0000000000000004 T _fseek_r
0000000000053660 000000000000003c T fseek
00000000000536a0 00000000000004bc T _fseeko_r
0000000000053b60 0000000000000004 T _ftell_r
0000000000053b70 0000000000000024 T ftell
0000000000053ba0 0000000000000164 T _ftello_r
0000000000053d10 0000000000000090 T _fwalk
0000000000053da0 00000000000000a0 T _fwalk_reent
0000000000053e40 00000000000000ec T _fwrite_r
0000000000053f30 0000000000000044 T fwrite
0000000000053f80 000000000000002c T getenv
0000000000053fb0 00000000000000fc T _findenv_r
00000000000540b0 000000000000002c T gmtime
00000000000540e0 00000000000002a0 T gmtime_r
0000000000054380 0000000000000094 T __libc_init_array
0000000000054420 0000000000000094 T __swhatbuf_r
00000000000544c0 0000000000000110 T __smakebuf_r
00000000000545d0 0000000000000180 T _memalign_r
0000000000054750 0000000000000024 T malloc
0000000000054780 0000000000000024 T free
00000000000547b0 0000000000000830 T _malloc_r
0000000000054fe0 00000000000000d8 T memchr
00000000000550c0 0000000000000110 T memcmp
0000000000055200 000000000000016c T memcpy
0000000000055380 00000000000000ac T memmove
0000000000055440 00000000000001dc T memset
0000000000055620 000000000000000c T __malloc_lock
0000000000055630 000000000000000c T __malloc_unlock
0000000000055640 00000000000000e0 T _putc_r
0000000000055720 0000000000000974 T qsort
0000000000055720 0000000000000974 t qsort.localalias
00000000000560a0 000000000000002c T realloc
00000000000560d0 0000000000000524 T _realloc_r
0000000000056600 0000000000000020 t lflush
0000000000056620 00000000000001ac T __srefill_r
00000000000567d0 000000000000002c T rename
0000000000056800 00000000000000a8 T sprintf
00000000000568b0 00000000000000bc T sscanf
0000000000056970 0000000000000050 T __sread
00000000000569c0 0000000000000008 T __seofread
00000000000569d0 000000000000006c T __swrite
0000000000056a40 0000000000000050 T __sseek
0000000000056a90 0000000000000008 T __sclose
0000000000056ac0 00000000000001bc T stpcpy
0000000000056c7c 00000000000000dc T strchr
0000000000056d80 00000000000000e4 T strcmp
0000000000056e80 00000000000001b8 T strcpy
0000000000057040 0000000000000068 T strcspn
00000000000570b0 0000000000000024 T strdup
00000000000570e0 000000000000005c T _strdup_r
0000000000057140 0000000000000140 T strlen
0000000000057280 0000000000000078 T strncat
000000000005731c 00000000000001b8 T strncmp
00000000000574e0 0000000000000090 T strncpy
00000000000575a4 00000000000000e0 T strnlen
0000000000057660 0000000000000100 T strrchr
0000000000057760 000000000000004c T strspn
00000000000577b0 0000000000000134 t critical_factorization
00000000000578f0 000000000000031c t two_way_long_needle
0000000000057c10 0000000000000250 T strstr
0000000000057e60 000000000000009c T __strtok_r
0000000000057f00 0000000000000008 T strtok_r
0000000000057f10 0000000000000188 t _strtol_l.part.0
00000000000580a0 0000000000000070 T _strtol_r
0000000000058110 0000000000000074 T strtol
0000000000058190 0000000000000198 t _strtoul_l.constprop.0
0000000000058330 0000000000000044 T _strtoul_r
0000000000058380 0000000000000048 T strtoul
00000000000583c8 0000000000000804 t get_arg
0000000000058bcc 0000000000003bec T _svfprintf_r
000000000005c7b8 0000000000000074 t get_arg
000000000005c82c 00000000000030ec T __ssvfscanf_r
000000000005f920 0000000000000024 T close
000000000005f950 000000000000002c T fstat
000000000005f980 000000000000002c T gettimeofday
000000000005f9b0 000000000000003c T lseek
000000000005f9f0 0000000000000088 T open
000000000005fa80 0000000000000040 T read
000000000005fac0 000000000000002c T stat
000000000005faf0 0000000000000024 T unlink
000000000005fb20 0000000000000040 T write
000000000005fb60 0000000000000040 T time
000000000005fba0 0000000000000118 T __swbuf_r
000000000005fcc0 00000000000000d8 T _wcrtomb_r
000000000005fda0 0000000000000010 T _wcsrtombs_r
000000000005fdb0 0000000000000128 T __swsetup_r
000000000005fee0 00000000000000b8 T __xpg_strerror_r
000000000005ffa0 0000000000000124 T __call_exitprocs
00000000000600d0 00000000000001a4 t quorem
0000000000060280 0000000000001168 T _dtoa_r
00000000000613f0 000000000000000c T __env_lock
0000000000061400 000000000000000c T __env_unlock
0000000000061410 00000000000000c0 T __sflags
00000000000614d0 00000000000004cc T __sfvwrite_r
00000000000619a0 0000000000000008 T iswspace
00000000000619b0 0000000000000008 T __localeconv_l
00000000000619c0 0000000000000028 T _localeconv_r
00000000000619f0 000000000000002c T __locale_mb_cur_max
0000000000061a20 00000000000000f0 T _mbrtowc_r
0000000000061b10 00000000000002b8 T __utf8_mbtowc
0000000000061dd0 000000000000008c T _Balloc
0000000000061e60 000000000000001c T _Bfree
0000000000061e80 0000000000000108 T __multadd
0000000000061f90 0000000000000130 T __s2b
00000000000620c0 0000000000000080 T __hi0bits
0000000000062140 000000000000009c T __lo0bits
00000000000621e0 000000000000004c T __i2b
0000000000062230 00000000000001e4 T __multiply
0000000000062420 0000000000000104 T __pow5mult
0000000000062530 0000000000000170 T __lshift
00000000000626a0 0000000000000050 T __mcmp
00000000000626f0 00000000000001c4 T __mdiff
00000000000628c0 0000000000000084 T __ulp
0000000000062950 0000000000000168 T __b2d
0000000000062ac0 0000000000000154 T __d2b
0000000000062c20 00000000000000a0 T __ratio
0000000000062cc0 0000000000000068 T __copybits
0000000000062d30 000000000000006c T __any_on
0000000000062da0 00000000000000d4 T __sccl
0000000000062e80 000000000000000c T nanf
0000000000062e90 0000000000000078 T frexp
0000000000062f10 0000000000000098 T stpncpy
0000000000062fb0 0000000000000418 T _strerror_r
00000000000633d0 0000000000000054 t sulp
0000000000063430 0000000000001164 T _strtod_l
00000000000645a0 0000000000000050 T _strtod_r
00000000000645f0 0000000000000188 t _strtoll_l.constprop.0
0000000000064780 0000000000000044 T _strtoll_r
00000000000647d0 0000000000000198 t _strtoull_l.constprop.0
0000000000064970 0000000000000044 T _strtoull_r
00000000000649b4 00000000000001bc T __ssprint_r
0000000000064b70 00000000000000e8 T _sungetc_r
0000000000064c58 0000000000000070 T __ssrefill_r
0000000000064cc8 00000000000000e0 T _sfread_r
0000000000064db0 00000000000000b8 T __submore
0000000000064e70 0000000000000008 T _user_strerror
0000000000064e78 0000000000000804 t get_arg
000000000006567c 0000000000000038 T __sprint_r
00000000000656b4 0000000000002974 T _vfiprintf_r
0000000000068028 00000000000000f0 t __sbprintf
0000000000068120 00000000000001ac T _wcsnrtombs_l
00000000000682d0 0000000000000074 T _wcsnrtombs_r
0000000000068350 00000000000000e4 T __utf8_wctomb
0000000000068440 0000000000000064 T __assert_func
00000000000684b0 0000000000000084 T fiprintf
0000000000068540 0000000000000118 t rshift
0000000000068660 0000000000000838 T __gethex
0000000000068ea0 0000000000000048 T __match
0000000000068ef0 0000000000000258 T __hexnan
0000000000069150 0000000000000048 T iswspace_l
00000000000691a0 000000000000000c T nan
00000000000691b0 0000000000000018 T abort
00000000000691d0 0000000000000080 T category
0000000000069250 00000000000000a4 T _raise_r
0000000000069300 0000000000000024 T raise
0000000000069330 0000000000000008 t null_write
0000000000069340 0000000000000018 T setDefaultDevice
0000000000069360 00000000000000f8 T FindDevice
0000000000069460 0000000000000034 T RemoveDevice
00000000000694a0 00000000000000c8 T AddDevice
0000000000069570 0000000000000034 T GetDeviceOpTab
00000000000695b0 0000000000000034 T clock_gettime
00000000000695f0 00000000000000a8 T _close_r
00000000000696a0 0000000000000084 T _fstat_r
0000000000069730 0000000000000014 T _getpid_r
0000000000069750 0000000000000024 T _gettimeofday_r
0000000000069780 0000000000000008 T _isatty_r
0000000000069790 0000000000000014 T _kill_r
00000000000697b0 0000000000000098 T _lseek_r
0000000000069850 00000000000000ec T _open_r
0000000000069940 00000000000000a4 T _read_r
00000000000699f0 0000000000000078 T _sbrk_r
0000000000069a70 000000000000008c T _stat_r
0000000000069b00 0000000000000074 T _unlink_r
0000000000069b80 00000000000000a4 T _write_r
0000000000069c30 0000000000000020 T _exit
0000000000069c50 00000000000000b0 T _rename_r
0000000000069d00 0000000000000014 T __libc_lock_acquire
0000000000069d20 0000000000000014 T __libc_lock_release
0000000000069d40 000000000000000c T __libc_lock_init_recursive
0000000000069d50 0000000000000014 T __libc_lock_acquire_recursive
0000000000069d70 0000000000000014 T __libc_lock_release_recursive
0000000000069d90 0000000000000004 T __libc_lock_close_recursive
0000000000069da0 0000000000000040 T __free_handle
0000000000069de0 0000000000000058 T __release_handle
0000000000069e40 00000000000000c8 T __alloc_handle
0000000000069f10 0000000000000020 T __get_handle
0000000000069f30 0000000000000084 t __dirnext
0000000000069fc0 0000000000000110 T opendir
000000000006a0d0 00000000000000a4 T closedir
000000000006a180 00000000000000c0 T readdir
000000000006a240 0000000000000020 T __getreent
000000000006a260 0000000000000430 T fnmatch
000000000006a260 0000000000000430 t fnmatch.localalias
000000000006a690 0000000000000158 t __extenddftf2
000000000006a7f0 00000000000003b4 t __trunctfdf2
000000000006abb0 0000000000000070 t __sfp_handle_exceptions
000000000006ac20 T _init
000000000006ac58 T _fini
000000000006b000 R __rodata_start
000000000006b128 0000000000000028 r socketInitConfig.0
000000000006b1a0 0000000000000020 r error_table
000000000006b1c0 0000000000000086 r _error_code_map
000000000006b248 0000000000000038 r g_defaultBsdInitConfig
000000000006b8b0 0000000000000010 r tv_zero.1
000000000006c6d0 0000000000000010 r tv_zero.1
000000000006dab8 0000000000000080 r ascii
000000000006e308 000000000000000c r CSWTCH.69
000000000006e308 000000000000000c r CSWTCH.70
000000000006e338 0000000000000041 r base64
000000000006e380 0000000000000041 r base64url
000000000006f5e0 0000000000000015 r s_infotype.0
000000000006fc38 0000000000000010 r CSWTCH.275
000000000006fdb0 0000000000000025 r lower_digits
000000000006fdd8 0000000000000006 r null.1
000000000006fde0 0000000000000006 r strnil.0
000000000006fde8 0000000000000025 r upper_digits
0000000000070d00 0000000000000030 r month_days_cumulative.0
0000000000070d30 000000000000033c r tz
0000000000072b08 0000000000000008 r cnOID
0000000000072b10 0000000000000001 r defaultVersion.0
0000000000072b18 000000000000000a r sanOID
0000000000072b28 0000000000000200 r K
0000000000073068 0000000000000021 r badbytes.0
0000000000074058 0000000000000008 r ftpauth.2
0000000000074060 000000000000000a r mode.0
0000000000074070 000000000000000a r mode.1
00000000000740c6 0000000000000001 r hmac_ipad
00000000000740c7 0000000000000001 r hmac_opad
00000000000740e0 0000000000000020 r H_0.0
0000000000074100 0000000000000100 r s_roundConstants
0000000000074200 0000000000000011 r xdigits_u.0
0000000000074220 0000000000000011 r xdigits_l.1
0000000000074240 0000000000000011 r digits.2
00000000000744a8 0000000000000800 r lenfix.1
0000000000074ca8 0000000000000080 r distfix.0
0000000000074d28 0000000000000026 r order.2
0000000000074d50 0000000000000040 r dext.0
0000000000074d90 0000000000000040 r dbase.1
0000000000074dd0 000000000000003e r lext.2
0000000000074e10 000000000000003e r lbase.3
0000000000074e50 0000000000000030 R inflate_copyright
0000000000074f10 0000000000002000 r crc_table
0000000000076f10 0000000000000101 R _ctype_
0000000000077150 0000000000000010 r zeroes.0
0000000000077160 0000000000000010 r blanks.1
0000000000077280 0000000000000022 r basefix.0
00000000000773d8 000000000000000c r p05.0
00000000000773e8 0000000000000028 R __mprec_bigtens
0000000000077410 00000000000000c8 R __mprec_tens
0000000000077da8 0000000000000014 r fpinan.0
0000000000077dc0 0000000000000014 r fpi.1
0000000000077de0 0000000000000028 r tinytens
0000000000077e20 000000000000006c R __action_table
0000000000077e90 000000000000006c R __state_table
0000000000077f00 0000000000000100 R __chclass
00000000000780e0 0000000000000010 r zeroes.0
00000000000780f0 0000000000000010 r blanks.1
0000000000078190 0000000000000100 R __hexdig
0000000000078290 0000000000003528 r categories
000000000007b7b8 r __EH_FRAME_BEGIN__
000000000007b7b8 R __eh_frame_hdr_end
000000000007b7b8 R __eh_frame_hdr_start
000000000008ad5c r __FRAME_END__
000000000008ad60 a _DYNAMIC
0000000000091000 R __data_start
0000000000091000 t __frame_dummy_init_array_entry
0000000000091000 T __init_array_start
0000000000091000 B __preinit_array_end
0000000000091000 B __preinit_array_start
0000000000091000 D __tdata_lma
0000000000091000 D __tdata_lma_end
0000000000091008 t __do_global_dtors_aux_fini_array_entry
0000000000091008 T __fini_array_start
0000000000091008 T __init_array_end
0000000000091010 T __fini_array_end
0000000000091010 T __got_start__
0000000000091010 a _GLOBAL_OFFSET_TABLE_
0000000000091328 D __got_end__
0000000000091328 0000000000000004 D __nx_fs_num_sessions
000000000009132c 0000000000000004 D __nx_applet_type
0000000000091330 00000000000000e0 d g_socketDevoptab
0000000000091410 0000000000000008 V __nx_pollfd_sb_max_fds
0000000000091418 0000000000000001 V __nx_fsdev_support_cwd
000000000009141c 0000000000000004 V __nx_fsdev_direntry_cache_size
0000000000091420 00000000000000e0 d fsdev_devoptab
0000000000091500 0000000000000008 d g_bsdClientPid
0000000000091508 0000000000000008 V __nx_exception_stack_size
0000000000091510 0000000000000008 D Curl_ccalloc
0000000000091518 0000000000000008 D Curl_cfree
0000000000091520 0000000000000008 D Curl_cmalloc
0000000000091528 0000000000000008 D Curl_crealloc
0000000000091530 0000000000000008 D Curl_cstrdup
0000000000091538 00000000000000a0 d ctts.0
00000000000915d8 0000000000000008 D Curl_ssl
00000000000915e0 0000000000000010 d available_backends
00000000000915f0 00000000000000c0 d Curl_ssl_multi
00000000000916b0 00000000000000c0 D Curl_ssl_libnx
0000000000091770 0000000000000088 D Curl_handler_http
00000000000917f8 0000000000000088 D Curl_handler_https
0000000000091880 0000000000000088 d Curl_handler_dummy
0000000000091908 0000000000000088 d protocols
0000000000091990 0000000000000088 D Curl_handler_dict
0000000000091a18 0000000000000088 D Curl_handler_telnet
0000000000091aa0 00000000000000a0 d telnetcmds
0000000000091b40 0000000000000140 d telnetoptions
0000000000091c80 0000000000000030 d client_encoding
0000000000091cb0 0000000000000030 d deflate_encoding
0000000000091ce0 0000000000000020 d encodings
0000000000091d00 0000000000000030 d error_encoding
0000000000091d30 0000000000000030 d gzip_encoding
0000000000091d60 0000000000000030 d identity_encoding
0000000000091d90 0000000000000020 D Curl_DIGEST_MD5
0000000000091db0 0000000000000028 D Curl_HMAC_MD5
0000000000091dd8 0000000000000060 D Curl_month
0000000000091e38 0000000000000038 D Curl_wkday
0000000000091e70 0000000000000038 d weekday
0000000000091ea8 0000000000000088 D Curl_handler_tftp
0000000000091f30 0000000000000088 D Curl_handler_imap
0000000000091fb8 0000000000000088 D Curl_handler_imaps
0000000000092040 0000000000000030 d saslimap
0000000000092070 0000000000000088 D Curl_handler_pop3
00000000000920f8 0000000000000088 D Curl_handler_pop3s
0000000000092180 0000000000000030 d saslpop3
00000000000921b0 0000000000000088 D Curl_handler_smtp
0000000000092238 0000000000000088 D Curl_handler_smtps
00000000000922c0 0000000000000030 d saslsmtp
00000000000922f0 0000000000000088 D Curl_handler_rtsp
0000000000092378 0000000000000088 D Curl_handler_gopher
0000000000092400 00000000000000f0 d mechtable
00000000000924f0 00000000000002f0 d OIDtable
00000000000927e0 0000000000000068 d errors
0000000000092848 0000000000000088 D Curl_handler_file
00000000000928d0 0000000000000088 D Curl_handler_ftp
0000000000092958 0000000000000088 D Curl_handler_ftps
00000000000929e0 0000000000000050 D z_errmsg
0000000000092a30 0000000000000008 D _global_impure_ptr
0000000000092a38 0000000000000008 D _impure_ptr
0000000000092a40 0000000000000768 d impure_data
00000000000931a8 0000000000000008 D __malloc_sbrk_base
00000000000931b0 0000000000000008 D __malloc_trim_threshold
00000000000931b8 0000000000000810 D __malloc_av_
00000000000939c8 0000000000000008 D environ
00000000000939d0 00000000000001a8 D __global_locale
0000000000093b78 0000000000000080 D devoptab_list
0000000000093bf8 00000000000000e0 D dotab_stdnull
0000000000093cd8 0000000000000004 d defaultDevice
0000000000093ce0 0000000000002000 d handles
0000000000095ce0 0000000000000010 d __stderr_handle
0000000000095cf0 0000000000000010 d __stdout_handle
0000000000095d00 0000000000000010 d __stdin_handle
0000000000095d10 D __bss_start__
0000000000095d10 b completed.1
0000000000095d18 b object.0
0000000000095d50 0000000000080000 b inner_heap.1
0000000000115d50 0000000000000008 b g_setsysGuard
0000000000115d58 0000000000000010 b g_setsysSrv
0000000000115d68 0000000000000008 b g_fsGuard
0000000000115d70 0000000000000054 b g_fsSessionMgr
0000000000115dc8 0000000000000010 b g_fsSrv
0000000000115dd8 0000000000000008 b g_smGuard
0000000000115de0 0000000000000008 b g_smOverridesNum
0000000000115de8 0000000000000180 b g_smOverrides
0000000000115f68 0000000000000010 b g_smSrv
0000000000115f78 0000000000000004 b g_hosVersion
0000000000115f80 0000000000002400 b fsdev_fsdevices
0000000000118380 0000000000000004 b fsdev_fsdevice_cwd
0000000000118384 0000000000000001 b fsdev_initialised
0000000000118388 B __stack_top
0000000000118390 0000000000000008 b g_bsdGuard
0000000000118398 0000000000000028 b g_bsdTmem
00000000001183c0 0000000000000054 b g_bsdSessionMgr
0000000000118418 0000000000000010 b g_bsdMonitor
0000000000118428 0000000000000010 b g_bsdSrv
0000000000118438 0000000000000008 b g_sslGuard
0000000000118440 0000000000000054 b g_sslSessionMgr
0000000000118498 0000000000000010 b g_sslSrv
00000000001184a8 0000000000000008 b g_nifmGuard
00000000001184b0 0000000000000010 b g_nifmIGS
00000000001184c0 0000000000000010 b g_nifmSrv
00000000001184d0 0000000000000004 b g_nifmServiceType
00000000001184d8 0000000000000010 b g_timeTimeZoneService
00000000001184f0 0000000000000340 B __nx_exceptiondump
0000000000118830 0000000000000004 V __nx_exception_ignoredebug
0000000000118840 0000000000000400 V __nx_exception_stack
0000000000118c40 0000000000000008 b g_userIdStorage
0000000000118c50 0000000000000010 b g_randomSeed
0000000000118c60 0000000000000001 b g_hasRandomSeed
0000000000118c64 0000000000000004 b g_lastLoadResult
0000000000118c68 0000000000000008 b g_nextLoadArgv
0000000000118c70 0000000000000008 b g_nextLoadPath
0000000000118c78 0000000000000004 b g_processHandle
0000000000118c80 0000000000000018 b g_syscallHints
0000000000118c98 0000000000000008 b g_overrideArgv
0000000000118ca0 0000000000000008 b g_overrideHeapSize
0000000000118ca8 0000000000000008 b g_overrideHeapAddr
0000000000118cb0 0000000000000008 b g_loaderRetAddr
0000000000118cb8 0000000000000004 b g_mainThreadHandle
0000000000118cc0 0000000000000008 b g_loaderInfoSize
0000000000118cc8 0000000000000008 b g_loaderInfo
0000000000118cd0 0000000000000001 b g_isNso
0000000000118cd8 0000000000000008 b __bootticks
0000000000118ce0 0000000000000008 b __boottime
0000000000118ce8 0000000000000008 b g_argv_empty
0000000000118cf0 0000000000000008 B __system_argv
0000000000118cf8 0000000000000004 B __system_argc
0000000000118cfc 0000000000000001 b g_IsLegacyKernel
0000000000118d00 0000000000000010 b g_StackRegion
0000000000118d10 0000000000000010 b g_AslrRegion
0000000000118d20 0000000000000010 b g_HeapRegion
0000000000118d30 0000000000000010 b g_AliasRegion
0000000000118d40 0000000000000038 b g_mainThread
0000000000118d78 0000000000000008 b g_threadList
0000000000118d80 0000000000000004 b g_threadMutex
0000000000118d88 0000000000000004 B __nxlink_host
0000000000118d8c 0000000000000004 b initialized
0000000000118d90 00000000000000c8 b backends.1
0000000000118e58 0000000000000008 b backends_len.0
0000000000118e60 0000000000000001 b init_ssl
0000000000118e68 0000000000000008 b selected.2
0000000000118e70 0000000000000004 b randseed.0
0000000000118e74 0000000000000001 b seeded.1
0000000000118e78 0000000000000008 b g_csrngGuard
0000000000118e80 0000000000000010 b g_csrngSrv
0000000000118e90 000000000000000c b __sinit_recursive_mutex
0000000000118ea0 000000000000000c b __sfp_recursive_mutex
0000000000118eb0 0000000000000028 B __malloc_current_mallinfo
0000000000118ed8 0000000000000008 B __malloc_max_total_mem
0000000000118ee0 0000000000000008 B __malloc_max_sbrked_mem
0000000000118ee8 0000000000000008 B __malloc_top_pad
0000000000118ef0 000000000000000c b __malloc_recursive_mutex
0000000000118f00 000000000000000c B __atexit_recursive_mutex
0000000000118f10 0000000000000008 b initial_env
0000000000118f18 000000000000000c b __env_recursive_mutex
0000000000118f28 0000000000000008 b heap_start.0
0000000000118f30 0000000000000008 B fake_heap_start
0000000000118f38 0000000000000008 B fake_heap_end
0000000000118f40 0000000000000004 b __hndl_lock
0000000000118f48 B __tls_start
0000000000119368 B __bss_end__
0000000000119368 A __end__
0000000000119368 B __tls_end
000000000011a000 A __argdata__
